2022-10-09 14:43:27.377  INFO 3288 --- [restartedMain] org.hrb.scheduler.Application            : Starting Application using Java 17 on DESKTOP-5HQ6PKI with PID 3288 (D:\STS-Workspace\BackEnd\B4.Scheduler\target\classes started by HP in D:\STS-Workspace\BackEnd\B4.Scheduler)
2022-10-09 14:43:27.383  INFO 3288 --- [restartedMain] org.hrb.scheduler.Application            : No active profile set, falling back to 1 default profile: "default"
2022-10-09 14:43:27.483  INFO 3288 --- [restartedMain] .e.DevToolsPropertyDefaultsPostProcessor : Devtools property defaults active! Set 'spring.devtools.add-properties' to 'false' to disable
2022-10-09 14:43:27.486  INFO 3288 --- [restartedMain] .e.DevToolsPropertyDefaultsPostProcessor : For additional web related logging consider setting the 'logging.level.web' property to 'DEBUG'
2022-10-09 14:43:28.585  INFO 3288 --- [restartedMain] .s.d.r.c.RepositoryConfigurationDelegate : Bootstrapping Spring Data JPA repositories in DEFAULT mode.
2022-10-09 14:43:28.605  INFO 3288 --- [restartedMain] .s.d.r.c.RepositoryConfigurationDelegate : Finished Spring Data repository scanning in 6 ms. Found 0 JPA repository interfaces.
2022-10-09 14:43:29.988  INFO 3288 --- [restartedMain] o.s.b.w.embedded.tomcat.TomcatWebServer  : Tomcat initialized with port(s): 4343 (http)
2022-10-09 14:43:30.009  INFO 3288 --- [restartedMain] o.apache.catalina.core.StandardService   : Starting service [Tomcat]
2022-10-09 14:43:30.011  INFO 3288 --- [restartedMain] org.apache.catalina.core.StandardEngine  : Starting Servlet engine: [Apache Tomcat/9.0.65]
2022-10-09 14:43:30.231  INFO 3288 --- [restartedMain] o.a.c.c.C.[Tomcat].[localhost].[/]       : Initializing Spring embedded WebApplicationContext
2022-10-09 14:43:30.232  INFO 3288 --- [restartedMain] w.s.c.ServletWebServerApplicationContext : Root WebApplicationContext: initialization completed in 2744 ms
2022-10-09 14:43:30.321  INFO 3288 --- [restartedMain] com.zaxxer.hikari.HikariDataSource       : HikariPool-1 - Starting...
2022-10-09 14:43:30.783  INFO 3288 --- [restartedMain] com.zaxxer.hikari.HikariDataSource       : HikariPool-1 - Start completed.
2022-10-09 14:43:30.799  INFO 3288 --- [restartedMain] o.s.b.a.h2.H2ConsoleAutoConfiguration    : H2 console available at '/h2-console'. Database available at 'jdbc:h2:mem:0a270649-4efb-4c00-bd64-88bfb14f2641'
2022-10-09 14:43:31.357  INFO 3288 --- [restartedMain] o.hibernate.jpa.internal.util.LogHelper  : HHH000204: Processing PersistenceUnitInfo [name: default]
2022-10-09 14:43:31.470  INFO 3288 --- [restartedMain] org.hibernate.Version                    : HHH000412: Hibernate ORM core version 5.6.11.Final
2022-10-09 14:43:31.804  INFO 3288 --- [restartedMain] o.hibernate.annotations.common.Version   : HCANN000001: Hibernate Commons Annotations {5.1.2.Final}
2022-10-09 14:43:32.281  INFO 3288 --- [restartedMain] org.hibernate.dialect.Dialect            : HHH000400: Using dialect: org.hibernate.dialect.H2Dialect
2022-10-09 14:43:32.573  INFO 3288 --- [restartedMain] o.h.e.t.j.p.i.JtaPlatformInitiator       : HHH000490: Using JtaPlatform implementation: [org.hibernate.engine.transaction.jta.platform.internal.NoJtaPlatform]
2022-10-09 14:43:32.586  INFO 3288 --- [restartedMain] j.LocalContainerEntityManagerFactoryBean : Initialized JPA EntityManagerFactory for persistence unit 'default'
2022-10-09 14:43:32.696  WARN 3288 --- [restartedMain] JpaBaseConfiguration$JpaWebConfiguration : spring.jpa.open-in-view is enabled by default. Therefore, database queries may be performed during view rendering. Explicitly configure spring.jpa.open-in-view to disable this warning
2022-10-09 14:43:33.387  INFO 3288 --- [restartedMain] o.s.b.d.a.OptionalLiveReloadServer       : LiveReload server is running on port 35729
2022-10-09 14:43:33.470  INFO 3288 --- [restartedMain] o.s.b.w.embedded.tomcat.TomcatWebServer  : Tomcat started on port(s): 4343 (http) with context path ''
2022-10-09 14:43:33.493  INFO 3288 --- [ThreadPoolTaskScheduler1] org.hrb.scheduler.SchedularService       : Schedular for 3 sec... 
2022-10-09 14:43:33.499  INFO 3288 --- [restartedMain] org.hrb.scheduler.Application            : Started Application in 6.921 seconds (JVM running for 8.212)
2022-10-09 14:43:35.001  INFO 3288 --- [ThreadPoolTaskScheduler1] org.hrb.scheduler.SchedularService       : Schedular for 5 sec... 
2022-10-09 14:43:36.508  INFO 3288 --- [ThreadPoolTaskScheduler2] org.hrb.scheduler.SchedularService       : Schedular for 3 sec... 
2022-10-09 14:43:39.495  INFO 3288 --- [ThreadPoolTaskScheduler4] org.hrb.scheduler.SchedularService       : Schedular for 3 sec... 
2022-10-09 14:43:40.001  INFO 3288 --- [ThreadPoolTaskScheduler1] org.hrb.scheduler.SchedularService       : Schedular for 10 sec... 
2022-10-09 14:43:40.001  INFO 3288 --- [ThreadPoolTaskScheduler3] org.hrb.scheduler.SchedularService       : Schedular for 5 sec... 
2022-10-09 14:43:42.507  INFO 3288 --- [ThreadPoolTaskScheduler5] org.hrb.scheduler.SchedularService       : Schedular for 3 sec... 
2022-10-09 14:43:45.015  INFO 3288 --- [ThreadPoolTaskScheduler2] org.hrb.scheduler.SchedularService       : Schedular for 5 sec... 
2022-10-09 14:43:45.501  INFO 3288 --- [ThreadPoolTaskScheduler6] org.hrb.scheduler.SchedularService       : Schedular for 3 sec... 
2022-10-09 14:43:48.499  INFO 3288 --- [ThreadPoolTaskScheduler6] org.hrb.scheduler.SchedularService       : Schedular for 3 sec... 
2022-10-09 14:43:50.013  INFO 3288 --- [ThreadPoolTaskScheduler4] org.hrb.scheduler.SchedularService       : Schedular for 10 sec... 
2022-10-09 14:43:50.013  INFO 3288 --- [ThreadPoolTaskScheduler1] org.hrb.scheduler.SchedularService       : Schedular for 5 sec... 
2022-10-09 14:43:51.507  INFO 3288 --- [ThreadPoolTaskScheduler3] org.hrb.scheduler.SchedularService       : Schedular for 3 sec... 
2022-10-09 14:43:54.507  INFO 3288 --- [ThreadPoolTaskScheduler3] org.hrb.scheduler.SchedularService       : Schedular for 3 sec... 
2022-10-09 14:43:55.007  INFO 3288 --- [ThreadPoolTaskScheduler9] org.hrb.scheduler.SchedularService       : Schedular for 5 sec... 
2022-10-09 14:43:57.508  INFO 3288 --- [ThreadPoolTaskScheduler10] org.hrb.scheduler.SchedularService       : Schedular for 3 sec... 
2022-10-09 14:44:00.012  INFO 3288 --- [ThreadPoolTaskScheduler7] org.hrb.scheduler.SchedularService       : Schedular for 5 sec... 
2022-10-09 14:44:00.012  INFO 3288 --- [ThreadPoolTaskScheduler2] org.hrb.scheduler.SchedularService       : Schedular for 10 sec... 
2022-10-09 14:44:00.499  INFO 3288 --- [ThreadPoolTaskScheduler6] org.hrb.scheduler.SchedularService       : Schedular for 3 sec... 
2022-10-09 14:44:01.951  INFO 3288 --- [RMI TCP Connection(10)-127.0.0.1] inMXBeanRegistrar$SpringApplicationAdmin : Application shutdown requested.
2022-10-09 14:44:01.970  INFO 3288 --- [RMI TCP Connection(10)-127.0.0.1] o.apache.catalina.core.StandardService   : Stopping service [Tomcat]
2022-10-09 14:44:01.980  INFO 3288 --- [RMI TCP Connection(10)-127.0.0.1] j.LocalContainerEntityManagerFactoryBean : Closing JPA EntityManagerFactory for persistence unit 'default'
2022-10-09 14:44:01.981  INFO 3288 --- [RMI TCP Connection(10)-127.0.0.1] .SchemaDropperImpl$DelayedDropActionImpl : HHH000477: Starting delayed evictData of schema as part of SessionFactory shut-down'
2022-10-09 14:44:02.194  WARN 3288 --- [RMI TCP Connection(10)-127.0.0.1] o.s.b.f.support.DisposableBeanAdapter    : Invocation of destroy method failed on bean with name 'inMemoryDatabaseShutdownExecutor': org.h2.jdbc.JdbcSQLNonTransientConnectionException: Database is already closed (to disable automatic closing at VM shutdown, add ";DB_CLOSE_ON_EXIT=FALSE" to the db URL) [90121-214]
2022-10-09 14:44:02.197  INFO 3288 --- [RMI TCP Connection(10)-127.0.0.1] com.zaxxer.hikari.HikariDataSource       : HikariPool-1 - Shutdown initiated...
2022-10-09 14:44:02.207  INFO 3288 --- [RMI TCP Connection(10)-127.0.0.1] com.zaxxer.hikari.HikariDataSource       : HikariPool-1 - Shutdown completed.
